<?xml version="1.0" encoding="UTF-8"?>
<!-- Generated by org.testng.reporters.JUnitXMLReporter -->
<testsuite ignored="1" hostname="Aparna" failures="0" tests="1" name="Default test" time="12.017" errors="0" timestamp="2023-11-30T15:36:12 IST">
  <testcase classname="com.myStore.testCases.TC_AccountCreation" name="verifyLoginCredential" time="2.99"/>
  <testcase classname="com.myStore.testCases.TC_AccountCreation" name="verifyAccountCreation" time="0.0">
    <ignored/>
  </testcase> <!-- verifyAccountCreation -->
</testsuite> <!-- Default test -->
