<?xml version="1.0" encoding="UTF-8"?>
<!-- Generated by org.testng.reporters.JUnitXMLReporter -->
<testsuite ignored="1" hostname="Aparna" failures="0" tests="1" name="Default test" time="8.606" errors="0" timestamp="2023-12-10T13:48:30 IST">
  <testcase classname="com.myStore.testCases.TC_AccountCreation" name="verifyLoginCredential" time="2.176"/>
  <testcase classname="com.myStore.testCases.TC_AccountCreation" name="verifyAccountCreation" time="0.0">
    <ignored/>
  </testcase> <!-- verifyAccountCreation -->
</testsuite> <!-- Default test -->
