<?xml version="1.0" encoding="UTF-8"?>
<!-- Generated by org.testng.reporters.JUnitXMLReporter -->
<testsuite ignored="1" hostname="Aparna" failures="0" tests="2" name="Test" time="21.17" errors="0" timestamp="2023-12-06T16:01:37 IST">
  <testcase classname="com.myStore.testCases.TC_AccountPageTest" name="verifyRegistrationAndLogin" time="1.44"/>
  <testcase classname="com.myStore.testCases.TC_AccountCreation" name="verifyLoginCredential" time="3.001"/>
  <testcase classname="com.myStore.testCases.TC_AccountCreation" name="verifyAccountCreation" time="0.0">
    <ignored/>
  </testcase> <!-- verifyAccountCreation -->
</testsuite> <!-- Test -->
