<?xml version="1.0" encoding="UTF-8"?>
<testng-results ignored="1" total="2" passed="1" failed="0" skipped="0">
  <reporter-output>
  </reporter-output>
  <suite started-at="2023-11-30T15:36:00 IST" name="Default suite" finished-at="2023-11-30T15:36:12 IST" duration-ms="12017">
    <groups>
    </groups>
    <test started-at="2023-11-30T15:36:00 IST" name="Default test" finished-at="2023-11-30T15:36:12 IST" duration-ms="12017">
      <class name="com.myStore.testCases.TC_AccountCreation">
        <test-method is-config="true" signature="setUp()[pri:0, instance:com.myStore.testCases.TC_AccountCreation@25fb8912]" started-at="2023-11-30T15:36:00 IST" name="setUp" finished-at="2023-11-30T15:36:09 IST" duration-ms="8979" status="PASS">
          <reporter-output>
          </reporter-output>
        </test-method> <!-- setUp -->
        <test-method signature="verifyLoginCredential()[pri:0, instance:com.myStore.testCases.TC_AccountCreation@25fb8912]" started-at="2023-11-30T15:36:09 IST" name="verifyLoginCredential" finished-at="2023-11-30T15:36:12 IST" duration-ms="2990" status="PASS">
          <reporter-output>
          </reporter-output>
        </test-method> <!-- verifyLoginCredential -->
      </class> <!-- com.myStore.testCases.TC_AccountCreation -->
    </test> <!-- Default test -->
  </suite> <!-- Default suite -->
</testng-results>
